
  SERVER  | DOMAIN  | ADDRESS | METHOD |       ROUTE        |              HANDLER               | MIDDLEWARE  
----------|---------|---------|--------|--------------------|------------------------------------|-------------
  default | default | :8100   | ALL    | /api/account/login | xin/app/api.(*AccountApi).Login-fm |             
----------|---------|---------|--------|--------------------|------------------------------------|-------------
  default | default | :8100   | GET    | /api/index/index   | xin/app/api.(*IndexApi).Index-fm   |             
----------|---------|---------|--------|--------------------|------------------------------------|-------------
 
2021-09-30 15:42:18.339 14884: http server started listening on [:8100] 
2021-09-30 15:43:16.242 [DEBU] [  8 ms] [default] SHOW FULL COLUMNS FROM `user` 
2021-09-30 15:43:16.248 [DEBU] [  4 ms] [default] SELECT `id`,`username`,`password` FROM `user` WHERE `password`='1223' AND `username`='1213' LIMIT 1 
2021-09-30 15:43:30.256 [DEBU] [  0 ms] [default] SELECT `id`,`username`,`password` FROM `user` WHERE `username`='admin' AND `password`='111' LIMIT 1 
2021-09-30 15:43:33.617 [DEBU] [  1 ms] [default] SELECT `id`,`username`,`password` FROM `user` WHERE `username`='admin' AND `password`='111111' LIMIT 1 

  SERVER  | DOMAIN  | ADDRESS | METHOD |       ROUTE        |              HANDLER               | MIDDLEWARE  
----------|---------|---------|--------|--------------------|------------------------------------|-------------
  default | default | :8100   | ALL    | /api/account/login | xin/app/api.(*AccountApi).Login-fm |             
----------|---------|---------|--------|--------------------|------------------------------------|-------------
  default | default | :8100   | GET    | /api/index/index   | xin/app/api.(*IndexApi).Index-fm   |             
----------|---------|---------|--------|--------------------|------------------------------------|-------------
 
2021-09-30 15:45:50.481 16236: http server started listening on [:8100] 
2021-09-30 15:45:57.004 [DEBU] [  6 ms] [default] SHOW FULL COLUMNS FROM `user` 
2021-09-30 15:45:57.007 [DEBU] [  1 ms] [default] SELECT `id`,`username`,`password` FROM `user` WHERE `password`='111111' AND `username`='admin' LIMIT 1 
2021-09-30 15:45:58.084 [DEBU] [  1 ms] [default] SELECT `id`,`username`,`password` FROM `user` WHERE `username`='admin' AND `password`='111111' LIMIT 1 
2021-09-30 15:45:58.260 [DEBU] [  1 ms] [default] SELECT `id`,`username`,`password` FROM `user` WHERE `username`='admin' AND `password`='111111' LIMIT 1 
2021-09-30 15:46:00.154 [DEBU] [  0 ms] [default] SELECT `id`,`username`,`password` FROM `user` WHERE `username`='admin' AND `password`='123' LIMIT 1 
2021-09-30 15:46:04.139 [DEBU] [  1 ms] [default] SELECT `id`,`username`,`password` FROM `user` WHERE `username`='admin' AND `password`='111111' LIMIT 1 

  SERVER  | DOMAIN  | ADDRESS | METHOD |       ROUTE        |              HANDLER               | MIDDLEWARE  
----------|---------|---------|--------|--------------------|------------------------------------|-------------
  default | default | :8100   | ALL    | /api/account/login | xin/app/api.(*AccountApi).Login-fm |             
----------|---------|---------|--------|--------------------|------------------------------------|-------------
  default | default | :8100   | GET    | /api/index/index   | xin/app/api.(*IndexApi).Index-fm   |             
----------|---------|---------|--------|--------------------|------------------------------------|-------------
 
2021-09-30 16:14:13.692 14472: http server started listening on [:8100] 
2021-09-30 16:14:19.681 [DEBU] [ 10 ms] [default] SHOW FULL COLUMNS FROM `user` 
2021-09-30 16:14:19.685 [DEBU] [  1 ms] [default] SELECT `id`,`username`,`password` FROM `user` WHERE `username`='admin' AND `password`='111111' LIMIT 1 

  SERVER  | DOMAIN  | ADDRESS | METHOD |       ROUTE        |              HANDLER               | MIDDLEWARE  
----------|---------|---------|--------|--------------------|------------------------------------|-------------
  default | default | :8100   | ALL    | /api/account/login | xin/app/api.(*AccountApi).Login-fm |             
----------|---------|---------|--------|--------------------|------------------------------------|-------------
  default | default | :8100   | GET    | /api/index/index   | xin/app/api.(*IndexApi).Index-fm   |             
----------|---------|---------|--------|--------------------|------------------------------------|-------------
 
2021-09-30 16:15:12.877 676: http server started listening on [:8100] 
2021-09-30 16:15:19.533 [DEBU] [  8 ms] [default] SHOW FULL COLUMNS FROM `user` 
2021-09-30 16:15:19.536 [DEBU] [  1 ms] [default] SELECT `id`,`username`,`password` FROM `user` WHERE `username`='admin' AND `password`='111111' LIMIT 1 
2021-09-30 16:15:20.313 [DEBU] [  1 ms] [default] SELECT `id`,`username`,`password` FROM `user` WHERE `username`='admin' AND `password`='111111' LIMIT 1 
2021-09-30 16:15:20.553 [DEBU] [  0 ms] [default] SELECT `id`,`username`,`password` FROM `user` WHERE `username`='admin' AND `password`='111111' LIMIT 1 
2021-09-30 16:15:21.643 [DEBU] [  1 ms] [default] SELECT `id`,`username`,`password` FROM `user` WHERE `username`='admin' AND `password`='111111' LIMIT 1 
2021-09-30 16:15:21.873 [DEBU] [  1 ms] [default] SELECT `id`,`username`,`password` FROM `user` WHERE `username`='admin' AND `password`='111111' LIMIT 1 
2021-09-30 16:15:22.065 [DEBU] [  0 ms] [default] SELECT `id`,`username`,`password` FROM `user` WHERE `username`='admin' AND `password`='111111' LIMIT 1 
2021-09-30 16:15:22.249 [DEBU] [  1 ms] [default] SELECT `id`,`username`,`password` FROM `user` WHERE `password`='111111' AND `username`='admin' LIMIT 1 
2021-09-30 16:15:22.441 [DEBU] [  1 ms] [default] SELECT `id`,`username`,`password` FROM `user` WHERE `password`='111111' AND `username`='admin' LIMIT 1 

  SERVER  | DOMAIN  | ADDRESS | METHOD |       ROUTE        |              HANDLER               | MIDDLEWARE  
----------|---------|---------|--------|--------------------|------------------------------------|-------------
  default | default | :8100   | ALL    | /api/account/login | xin/app/api.(*AccountApi).Login-fm |             
----------|---------|---------|--------|--------------------|------------------------------------|-------------
  default | default | :8100   | GET    | /api/index/index   | xin/app/api.(*IndexApi).Index-fm   |             
----------|---------|---------|--------|--------------------|------------------------------------|-------------
 
2021-09-30 16:17:05.151 15316: http server started listening on [:8100] 
2021-09-30 16:17:24.667 [DEBU] [  9 ms] [default] SHOW FULL COLUMNS FROM `user` 
2021-09-30 16:17:24.671 [DEBU] [  1 ms] [default] SELECT `id`,`username`,`password` FROM `user` WHERE `username`='admin' AND `password`='111111' LIMIT 1 
2021-09-30 16:17:25.697 [DEBU] [  0 ms] [default] SELECT `id`,`username`,`password` FROM `user` WHERE `username`='admin' AND `password`='111111' LIMIT 1 
2021-09-30 16:17:25.913 [DEBU] [  0 ms] [default] SELECT `id`,`username`,`password` FROM `user` WHERE `username`='admin' AND `password`='111111' LIMIT 1 
2021-09-30 16:17:26.104 [DEBU] [  0 ms] [default] SELECT `id`,`username`,`password` FROM `user` WHERE `username`='admin' AND `password`='111111' LIMIT 1 
2021-09-30 16:17:26.273 [DEBU] [  1 ms] [default] SELECT `id`,`username`,`password` FROM `user` WHERE `username`='admin' AND `password`='111111' LIMIT 1 
2021-09-30 16:17:26.424 [DEBU] [  0 ms] [default] SELECT `id`,`username`,`password` FROM `user` WHERE `username`='admin' AND `password`='111111' LIMIT 1 
2021-09-30 16:17:31.106 [DEBU] [  1 ms] [default] SELECT `id`,`username`,`password` FROM `user` WHERE `username`='admin' AND `password`='111' LIMIT 1 

  SERVER  | DOMAIN  | ADDRESS | METHOD |       ROUTE        |              HANDLER               | MIDDLEWARE  
----------|---------|---------|--------|--------------------|------------------------------------|-------------
  default | default | :8100   | ALL    | /api/account/login | xin/app/api.(*AccountApi).Login-fm |             
----------|---------|---------|--------|--------------------|------------------------------------|-------------
  default | default | :8100   | GET    | /api/index/index   | xin/app/api.(*IndexApi).Index-fm   |             
----------|---------|---------|--------|--------------------|------------------------------------|-------------
 
2021-09-30 16:19:00.892 9104: http server started listening on [:8100] 
2021-09-30 16:19:05.747 [DEBU] [  7 ms] [default] SHOW FULL COLUMNS FROM `user` 
2021-09-30 16:19:05.749 [DEBU] [  0 ms] [default] SELECT `id`,`username`,`password` FROM `user` WHERE `password`='111' AND `username`='admin' LIMIT 1 

  SERVER  | DOMAIN  | ADDRESS | METHOD |       ROUTE        |              HANDLER               | MIDDLEWARE  
----------|---------|---------|--------|--------------------|------------------------------------|-------------
  default | default | :8100   | ALL    | /api/account/login | xin/app/api.(*AccountApi).Login-fm |             
----------|---------|---------|--------|--------------------|------------------------------------|-------------
  default | default | :8100   | GET    | /api/index/index   | xin/app/api.(*IndexApi).Index-fm   |             
----------|---------|---------|--------|--------------------|------------------------------------|-------------
 
2021-09-30 16:20:13.165 15488: http server started listening on [:8100] 
2021-09-30 16:20:17.764 [DEBU] [  7 ms] [default] SHOW FULL COLUMNS FROM `user` 
2021-09-30 16:20:17.767 [DEBU] [  1 ms] [default] SELECT `id`,`username`,`password` FROM `user` WHERE `password`='111' AND `username`='admin' LIMIT 1 
2021-09-30 16:20:18.505 [DEBU] [  0 ms] [default] SELECT `id`,`username`,`password` FROM `user` WHERE `username`='admin' AND `password`='111' LIMIT 1 
2021-09-30 16:20:20.028 [DEBU] [  1 ms] [default] SELECT `id`,`username`,`password` FROM `user` WHERE `username`='admin' AND `password`='111' LIMIT 1 

  SERVER  | DOMAIN  | ADDRESS | METHOD |       ROUTE        |              HANDLER               | MIDDLEWARE  
----------|---------|---------|--------|--------------------|------------------------------------|-------------
  default | default | :8100   | ALL    | /api/account/login | xin/app/api.(*AccountApi).Login-fm |             
----------|---------|---------|--------|--------------------|------------------------------------|-------------
  default | default | :8100   | GET    | /api/index/index   | xin/app/api.(*IndexApi).Index-fm   |             
----------|---------|---------|--------|--------------------|------------------------------------|-------------
 
2021-09-30 16:21:57.747 14648: http server started listening on [:8100] 
2021-09-30 16:22:03.970 [DEBU] [  4 ms] [default] SHOW FULL COLUMNS FROM `user` 
2021-09-30 16:22:03.973 [DEBU] [  0 ms] [default] SELECT `id`,`username`,`password` FROM `user` WHERE `username`='admin' AND `password`='111' LIMIT 1 
2021-09-30 16:22:04.857 [DEBU] [  1 ms] [default] SELECT `id`,`username`,`password` FROM `user` WHERE `username`='admin' AND `password`='111' LIMIT 1 
2021-09-30 16:22:05.074 [DEBU] [  1 ms] [default] SELECT `id`,`username`,`password` FROM `user` WHERE `username`='admin' AND `password`='111' LIMIT 1 
2021-09-30 16:22:05.257 [DEBU] [  0 ms] [default] SELECT `id`,`username`,`password` FROM `user` WHERE `username`='admin' AND `password`='111' LIMIT 1 
2021-09-30 16:22:05.416 [DEBU] [  0 ms] [default] SELECT `id`,`username`,`password` FROM `user` WHERE `username`='admin' AND `password`='111' LIMIT 1 
2021-09-30 16:22:05.568 [DEBU] [  0 ms] [default] SELECT `id`,`username`,`password` FROM `user` WHERE `username`='admin' AND `password`='111' LIMIT 1 
2021-09-30 16:22:05.728 [DEBU] [  0 ms] [default] SELECT `id`,`username`,`password` FROM `user` WHERE `username`='admin' AND `password`='111' LIMIT 1 
2021-09-30 16:22:05.896 [DEBU] [  0 ms] [default] SELECT `id`,`username`,`password` FROM `user` WHERE `username`='admin' AND `password`='111' LIMIT 1 
2021-09-30 16:22:06.048 [DEBU] [  0 ms] [default] SELECT `id`,`username`,`password` FROM `user` WHERE `username`='admin' AND `password`='111' LIMIT 1 
2021-09-30 16:22:06.233 [DEBU] [  1 ms] [default] SELECT `id`,`username`,`password` FROM `user` WHERE `password`='111' AND `username`='admin' LIMIT 1 

  SERVER  | DOMAIN  | ADDRESS | METHOD |       ROUTE        |              HANDLER               | MIDDLEWARE  
----------|---------|---------|--------|--------------------|------------------------------------|-------------
  default | default | :8100   | ALL    | /api/account/login | xin/app/api.(*AccountApi).Login-fm |             
----------|---------|---------|--------|--------------------|------------------------------------|-------------
  default | default | :8100   | GET    | /api/index/index   | xin/app/api.(*IndexApi).Index-fm   |             
----------|---------|---------|--------|--------------------|------------------------------------|-------------
 
2021-09-30 16:36:47.505 16340: http server started listening on [:8100] 
2021-09-30 16:36:55.781 [DEBU] [ 10 ms] [default] SHOW FULL COLUMNS FROM `user` 
2021-09-30 16:36:55.785 [DEBU] [  1 ms] [default] SELECT `id`,`username`,`password` FROM `user` WHERE `username`='admin' AND `password`='111' LIMIT 1 
2021-09-30 16:36:59.397 [DEBU] [  0 ms] [default] SELECT `id`,`username`,`password` FROM `user` WHERE `password`='111111' AND `username`='admin' LIMIT 1 

  SERVER  | DOMAIN  | ADDRESS | METHOD |       ROUTE        |              HANDLER               | MIDDLEWARE  
----------|---------|---------|--------|--------------------|------------------------------------|-------------
  default | default | :8100   | ALL    | /api/account/login | xin/app/api.(*AccountApi).Login-fm |             
----------|---------|---------|--------|--------------------|------------------------------------|-------------
  default | default | :8100   | GET    | /api/index/index   | xin/app/api.(*IndexApi).Index-fm   |             
----------|---------|---------|--------|--------------------|------------------------------------|-------------
 
2021-09-30 18:26:13.198 13660: http server started listening on [:8100] 
2021-09-30 18:26:24.724 [DEBU] [172 ms] [default] SHOW FULL COLUMNS FROM `user` 
2021-09-30 18:26:24.734 [DEBU] [  8 ms] [default] SELECT `id`,`username`,`password` FROM `user` WHERE `username`='admin' AND `password`='111111' LIMIT 1 

  SERVER  | DOMAIN  | ADDRESS | METHOD |       ROUTE        |              HANDLER               | MIDDLEWARE  
----------|---------|---------|--------|--------------------|------------------------------------|-------------
  default | default | :8100   | ALL    | /api/account/login | xin/app/api.(*AccountApi).Login-fm |             
----------|---------|---------|--------|--------------------|------------------------------------|-------------
  default | default | :8100   | GET    | /api/index/index   | xin/app/api.(*IndexApi).Index-fm   |             
----------|---------|---------|--------|--------------------|------------------------------------|-------------
 
2021-09-30 18:38:30.798 15120: http server started listening on [:8100] 
2021-09-30 18:38:43.670 [DEBU] [ 12 ms] [default] SHOW FULL COLUMNS FROM `user` 
2021-09-30 18:38:43.673 [DEBU] [  0 ms] [default] SELECT `id`,`username`,`password` FROM `user` WHERE `username`='admin' AND `password`='111111' LIMIT 1 
